<?xml version="1.0" encoding="UTF-8"?>
<!-- Generated by org.testng.reporters.JUnitXMLReporter -->
<testsuite ignored="0" hostname="DESKTOP-2T3LOQC" failures="2" tests="2" name="Surefire test" time="20.758" errors="0" timestamp="2022-04-23T23:12:17 CDT">
  <testcase classname="io.cucumber.testng.AbstractTestNGCucumberTests" name="runScenario" time="9.819">
    <failure type="java.lang.AssertionError" message="expected [Compose] but found [compose]">
      <![CDATA[java.lang.AssertionError: expected [Compose] but found [compose]
at StepDefinition.LoginStepDef.users_is_navigated_to_homepage(LoginStepDef.java:59)
at ✽.users is navigated to homepage(file:///C:/Users/ramku/git/cucumberJava/cucumberJava/src/test/resources/features/login.feature:8)
... Removed 6 stack frames]]>
    </failure>
  </testcase> <!-- runScenario -->
  <testcase classname="io.cucumber.testng.AbstractTestNGCucumberTests" name="runScenario" time="8.002">
    <failure type="java.lang.AssertionError" message="expected [Compose] but found [compose]">
      <![CDATA[java.lang.AssertionError: expected [Compose] but found [compose]
at StepDefinition.LoginStepDef.users_is_navigated_to_homepage(LoginStepDef.java:59)
at ✽.users is navigated to homepage(file:///C:/Users/ramku/git/cucumberJava/cucumberJava/src/test/resources/features/login.feature:8)
... Removed 6 stack frames]]>
    </failure>
  </testcase> <!-- runScenario -->
</testsuite> <!-- Surefire test -->
