<?xml version="1.0" encoding="UTF-8"?>
<testng-results ignored="0" total="2" passed="0" failed="2" skipped="0">
  <reporter-output>
  </reporter-output>
  <suite started-at="2022-04-23T22:54:27 CDT" name="Default suite" finished-at="2022-04-23T22:54:42 CDT" duration-ms="15482">
    <groups>
      <group name="cucumber">
        <method signature="AbstractTestNGCucumberTests.runScenario(io.cucumber.testng.PickleWrapper,io.cucumber.testng.FeatureWrapper)[pri:0, instance:StepDefinition.TestRunner@7161d8d1]" name="runScenario" class="io.cucumber.testng.AbstractTestNGCucumberTests"/>
      </group> <!-- cucumber -->
    </groups>
    <test started-at="2022-04-23T22:54:27 CDT" name="Default test" finished-at="2022-04-23T22:54:42 CDT" duration-ms="15482">
      <class name="StepDefinition.TestRunner">
        <test-method is-config="true" signature="setUpClass(org.testng.ITestContext)[pri:0, instance:StepDefinition.TestRunner@7161d8d1]" started-at="2022-04-23T22:54:27 CDT" name="setUpClass" finished-at="2022-04-23T22:54:27 CDT" duration-ms="390" status="PASS">
          <params>
            <param index="0">
              <value>
                <![CDATA[org.testng.TestRunner@4052b19f]]>
              </value>
            </param>
          </params>
          <reporter-output>
          </reporter-output>
        </test-method> <!-- setUpClass -->
        <test-method signature="runScenario(io.cucumber.testng.PickleWrapper,io.cucumber.testng.FeatureWrapper)[pri:0, instance:StepDefinition.TestRunner@7161d8d1]" started-at="2022-04-23T22:54:27 CDT" name="runScenario" description="Runs Cucumber Scenarios" data-provider="scenarios" finished-at="2022-04-23T22:54:34 CDT" duration-ms="7128" status="FAIL">
          <params>
            <param index="0">
              <value>
                <![CDATA["User to login to the web application"]]>
              </value>
            </param>
            <param index="1">
              <value>
                <![CDATA["Optional[Feature to test Login functionality]"]]>
              </value>
            </param>
          </params>
          <exception class="java.lang.AssertionError">
            <message>
              <![CDATA[expected [Compose] but found [compose]]]>
            </message>
            <full-stacktrace>
              <![CDATA[java.lang.AssertionError: expected [Compose] but found [compose]
at org.testng.Assert.fail(Assert.java:110)
at org.testng.Assert.failNotEquals(Assert.java:1413)
at org.testng.Assert.assertEqualsImpl(Assert.java:149)
at org.testng.Assert.assertEquals(Assert.java:131)
at org.testng.Assert.assertEquals(Assert.java:655)
at org.testng.Assert.assertEquals(Assert.java:665)
at StepDefinition.LoginStepDef.users_is_navigated_to_homepage(LoginStepDef.java:53)
at ✽.users is navigated to homepage(file:///C:/Users/ramku/git/cucumberJava/cucumberJava/src/test/resources/features/login.feature:8)
]]>
            </full-stacktrace>
          </exception> <!-- java.lang.AssertionError -->
          <reporter-output>
          </reporter-output>
        </test-method> <!-- runScenario -->
        <test-method signature="runScenario(io.cucumber.testng.PickleWrapper,io.cucumber.testng.FeatureWrapper)[pri:0, instance:StepDefinition.TestRunner@7161d8d1]" started-at="2022-04-23T22:54:34 CDT" name="runScenario" description="Runs Cucumber Scenarios" data-provider="scenarios" finished-at="2022-04-23T22:54:40 CDT" duration-ms="5962" status="FAIL">
          <params>
            <param index="0">
              <value>
                <![CDATA["User to login to the web application"]]>
              </value>
            </param>
            <param index="1">
              <value>
                <![CDATA["Optional[Feature to test Login functionality]"]]>
              </value>
            </param>
          </params>
          <exception class="java.lang.AssertionError">
            <message>
              <![CDATA[expected [Compose] but found [compose]]]>
            </message>
            <full-stacktrace>
              <![CDATA[java.lang.AssertionError: expected [Compose] but found [compose]
at org.testng.Assert.fail(Assert.java:110)
at org.testng.Assert.failNotEquals(Assert.java:1413)
at org.testng.Assert.assertEqualsImpl(Assert.java:149)
at org.testng.Assert.assertEquals(Assert.java:131)
at org.testng.Assert.assertEquals(Assert.java:655)
at org.testng.Assert.assertEquals(Assert.java:665)
at StepDefinition.LoginStepDef.users_is_navigated_to_homepage(LoginStepDef.java:53)
at ✽.users is navigated to homepage(file:///C:/Users/ramku/git/cucumberJava/cucumberJava/src/test/resources/features/login.feature:8)
]]>
            </full-stacktrace>
          </exception> <!-- java.lang.AssertionError -->
          <reporter-output>
          </reporter-output>
        </test-method> <!-- runScenario -->
        <test-method is-config="true" signature="tearDownClass()[pri:0, instance:StepDefinition.TestRunner@7161d8d1]" started-at="2022-04-23T22:54:40 CDT" name="tearDownClass" finished-at="2022-04-23T22:54:42 CDT" duration-ms="1974" status="PASS">
          <reporter-output>
          </reporter-output>
        </test-method> <!-- tearDownClass -->
      </class> <!-- StepDefinition.TestRunner -->
    </test> <!-- Default test -->
  </suite> <!-- Default suite -->
</testng-results>
