[{"line":2,"elements":[{"start_timestamp":"2022-04-23T21:56:41.000Z","before":[{"result":{"duration":1845963500,"status":"passed"},"match":{"location":"StepDefinition.Hooks.setup()"}}],"line":11,"name":"User to login to the web application","description":"","id":"feature-to-test-login-functionality;user-to-login-to-the-web-application;;2","after":[{"result":{"duration":4206286600,"status":"passed"},"match":{"location":"StepDefinition.Hooks.tearDown()"}}],"type":"scenario","keyword":"Scenario Outline","steps":[{"result":{"duration":1184199100,"status":"passed"},"line":5,"name":"user is on login page","match":{"location":"StepDefinition.LoginStepDef.user_is_on_login_page()"},"keyword":"Given "},{"result":{"error_message":"org.openqa.selenium.NoSuchElementException: no such element: Unable to locate element: {\"method\":\"css selector\",\"selector\":\"*[name='password']\"}\n  (Session info: chrome=100.0.4896.127)\nFor documentation on this error, please visit: https://selenium.dev/exceptions/#no_such_element\nBuild info: version: '4.1.1', revision: 'e8fcc2cecf'\nSystem info: host: 'DESKTOP-2T3LOQC', ip: '192.168.2.104', os.name: 'Windows 10', os.arch: 'amd64', os.version: '10.0', java.version: '17.0.1'\nDriver info: org.openqa.selenium.chrome.ChromeDriver\nCommand: [32be4bffbdb96c57a44af2a985d4af3f, findElement {using=name, value=password}]\nCapabilities {acceptInsecureCerts: false, browserName: chrome, browserVersion: 100.0.4896.127, chrome: {chromedriverVersion: 100.0.4896.60 (6a5d10861ce8..., userDataDir: C:\\Users\\ramku\\AppData\\Loca...}, goog:chromeOptions: {debuggerAddress: localhost:57499}, javascriptEnabled: true, networkConnectionEnabled: false, pageLoadStrategy: normal, platform: WINDOWS, platformName: WINDOWS, proxy: Proxy(), se:cdp: ws://localhost:57499/devtoo..., se:cdpVersion: 100.0.4896.127, setWindowRect: true, strictFileInteractability: false, timeouts: {implicit: 0, pageLoad: 300000, script: 30000}, unhandledPromptBehavior: dismiss and notify, webauthn:extension:credBlob: true, webauthn:extension:largeBlob: true, webauthn:virtualAuthenticators: true}\nSession ID: 32be4bffbdb96c57a44af2a985d4af3f\r\n\tat java.base/jdk.internal.reflect.NativeConstructorAccessorImpl.newInstance0(Native Method)\r\n\tat java.base/jdk.internal.reflect.NativeConstructorAccessorImpl.newInstance(NativeConstructorAccessorImpl.java:77)\r\n\tat java.base/jdk.internal.reflect.DelegatingConstructorAccessorImpl.newInstance(DelegatingConstructorAccessorImpl.java:45)\r\n\tat java.base/java.lang.reflect.Constructor.newInstanceWithCaller(Constructor.java:499)\r\n\tat java.base/java.lang.reflect.Constructor.newInstance(Constructor.java:480)\r\n\tat org.openqa.selenium.remote.codec.w3c.W3CHttpResponseCodec.createException(W3CHttpResponseCodec.java:200)\r\n\tat org.openqa.selenium.remote.codec.w3c.W3CHttpResponseCodec.decode(W3CHttpResponseCodec.java:133)\r\n\tat org.openqa.selenium.remote.codec.w3c.W3CHttpResponseCodec.decode(W3CHttpResponseCodec.java:53)\r\n\tat org.openqa.selenium.remote.HttpCommandExecutor.execute(HttpCommandExecutor.java:184)\r\n\tat org.openqa.selenium.remote.service.DriverCommandExecutor.invokeExecute(DriverCommandExecutor.java:167)\r\n\tat org.openqa.selenium.remote.service.DriverCommandExecutor.execute(DriverCommandExecutor.java:142)\r\n\tat org.openqa.selenium.remote.RemoteWebDriver.execute(RemoteWebDriver.java:543)\r\n\tat org.openqa.selenium.remote.ElementLocation$ElementFinder$2.findElement(ElementLocation.java:162)\r\n\tat org.openqa.selenium.remote.ElementLocation.findElement(ElementLocation.java:66)\r\n\tat org.openqa.selenium.remote.RemoteWebDriver.findElement(RemoteWebDriver.java:367)\r\n\tat org.openqa.selenium.remote.RemoteWebDriver.findElement(RemoteWebDriver.java:359)\r\n\tat StepDefinition.LoginStepDef.user_enters_the_and(LoginStepDef.java:39)\r\n\tat ✽.user enters the \"ramkumarpadmaraj@gmail.com\" and \"rampras@C1/9\"(file:///C:/Users/ramku/git/cucumberJava/cucumberJava/src/test/resources/features/login.feature:6)\r\n","duration":2263240000,"status":"failed"},"line":6,"name":"user enters the \"ramkumarpadmaraj@gmail.com\" and \"rampras@C1/9\"","match":{"arguments":[{"val":"\"ramkumarpadmaraj@gmail.com\"","offset":16},{"val":"\"rampras@C1/9\"","offset":49}],"location":"StepDefinition.LoginStepDef.user_enters_the_and(java.lang.String,java.lang.String)"},"keyword":"When "},{"result":{"duration":1128400,"status":"skipped"},"line":7,"name":"clicks on Login button","match":{"location":"StepDefinition.LoginStepDef.clicks_on_login_button()"},"keyword":"And "},{"result":{"duration":865700,"status":"skipped"},"line":8,"name":"users is navigated to homepage","match":{"location":"StepDefinition.LoginStepDef.users_is_navigated_to_homepage()"},"keyword":"Then "}],"tags":[{"name":"@Login"}]},{"start_timestamp":"2022-04-23T21:56:50.537Z","before":[{"result":{"duration":756102400,"status":"passed"},"match":{"location":"StepDefinition.Hooks.setup()"}}],"line":12,"name":"User to login to the web application","description":"","id":"feature-to-test-login-functionality;user-to-login-to-the-web-application;;3","after":[{"result":{"duration":4274596400,"status":"passed"},"match":{"location":"StepDefinition.Hooks.tearDown()"}}],"type":"scenario","keyword":"Scenario Outline","steps":[{"result":{"duration":1430693600,"status":"passed"},"line":5,"name":"user is on login page","match":{"location":"StepDefinition.LoginStepDef.user_is_on_login_page()"},"keyword":"Given "},{"result":{"error_message":"org.openqa.selenium.NoSuchElementException: no such element: Unable to locate element: {\"method\":\"css selector\",\"selector\":\"*[name='password']\"}\n  (Session info: chrome=100.0.4896.127)\nFor documentation on this error, please visit: https://selenium.dev/exceptions/#no_such_element\nBuild info: version: '4.1.1', revision: 'e8fcc2cecf'\nSystem info: host: 'DESKTOP-2T3LOQC', ip: '192.168.2.104', os.name: 'Windows 10', os.arch: 'amd64', os.version: '10.0', java.version: '17.0.1'\nDriver info: org.openqa.selenium.chrome.ChromeDriver\nCommand: [52d93f5c7e5ec3dbd8f36222023c26c4, findElement {using=name, value=password}]\nCapabilities {acceptInsecureCerts: false, browserName: chrome, browserVersion: 100.0.4896.127, chrome: {chromedriverVersion: 100.0.4896.60 (6a5d10861ce8..., userDataDir: C:\\Users\\ramku\\AppData\\Loca...}, goog:chromeOptions: {debuggerAddress: localhost:57542}, javascriptEnabled: true, networkConnectionEnabled: false, pageLoadStrategy: normal, platform: WINDOWS, platformName: WINDOWS, proxy: Proxy(), se:cdp: ws://localhost:57542/devtoo..., se:cdpVersion: 100.0.4896.127, setWindowRect: true, strictFileInteractability: false, timeouts: {implicit: 0, pageLoad: 300000, script: 30000}, unhandledPromptBehavior: dismiss and notify, webauthn:extension:credBlob: true, webauthn:extension:largeBlob: true, webauthn:virtualAuthenticators: true}\nSession ID: 52d93f5c7e5ec3dbd8f36222023c26c4\r\n\tat java.base/jdk.internal.reflect.NativeConstructorAccessorImpl.newInstance0(Native Method)\r\n\tat java.base/jdk.internal.reflect.NativeConstructorAccessorImpl.newInstance(NativeConstructorAccessorImpl.java:77)\r\n\tat java.base/jdk.internal.reflect.DelegatingConstructorAccessorImpl.newInstance(DelegatingConstructorAccessorImpl.java:45)\r\n\tat java.base/java.lang.reflect.Constructor.newInstanceWithCaller(Constructor.java:499)\r\n\tat java.base/java.lang.reflect.Constructor.newInstance(Constructor.java:480)\r\n\tat org.openqa.selenium.remote.codec.w3c.W3CHttpResponseCodec.createException(W3CHttpResponseCodec.java:200)\r\n\tat org.openqa.selenium.remote.codec.w3c.W3CHttpResponseCodec.decode(W3CHttpResponseCodec.java:133)\r\n\tat org.openqa.selenium.remote.codec.w3c.W3CHttpResponseCodec.decode(W3CHttpResponseCodec.java:53)\r\n\tat org.openqa.selenium.remote.HttpCommandExecutor.execute(HttpCommandExecutor.java:184)\r\n\tat org.openqa.selenium.remote.service.DriverCommandExecutor.invokeExecute(DriverCommandExecutor.java:167)\r\n\tat org.openqa.selenium.remote.service.DriverCommandExecutor.execute(DriverCommandExecutor.java:142)\r\n\tat org.openqa.selenium.remote.RemoteWebDriver.execute(RemoteWebDriver.java:543)\r\n\tat org.openqa.selenium.remote.ElementLocation$ElementFinder$2.findElement(ElementLocation.java:162)\r\n\tat org.openqa.selenium.remote.ElementLocation.findElement(ElementLocation.java:66)\r\n\tat org.openqa.selenium.remote.RemoteWebDriver.findElement(RemoteWebDriver.java:367)\r\n\tat org.openqa.selenium.remote.RemoteWebDriver.findElement(RemoteWebDriver.java:359)\r\n\tat StepDefinition.LoginStepDef.user_enters_the_and(LoginStepDef.java:39)\r\n\tat ✽.user enters the \"user1\" and \"test123\"(file:///C:/Users/ramku/git/cucumberJava/cucumberJava/src/test/resources/features/login.feature:6)\r\n","duration":2190462400,"status":"failed"},"line":6,"name":"user enters the \"user1\" and \"test123\"","match":{"arguments":[{"val":"\"user1\"","offset":16},{"val":"\"test123\"","offset":28}],"location":"StepDefinition.LoginStepDef.user_enters_the_and(java.lang.String,java.lang.String)"},"keyword":"When "},{"result":{"duration":997600,"status":"skipped"},"line":7,"name":"clicks on Login button","match":{"location":"StepDefinition.LoginStepDef.clicks_on_login_button()"},"keyword":"And "},{"result":{"duration":478400,"status":"skipped"},"line":8,"name":"users is navigated to homepage","match":{"location":"StepDefinition.LoginStepDef.users_is_navigated_to_homepage()"},"keyword":"Then "}],"tags":[{"name":"@Login"}]}],"name":"Feature to test Login functionality","description":"","id":"feature-to-test-login-functionality","keyword":"Feature","uri":"file:src/test/resources/features/login.feature","tags":[{"name":"@Login","type":"Tag","location":{"line":1,"column":1}}]}]